11:03:01 [Intro]  
11:03:01 [Intro]  |Ξ|  EthereumJ [v0.5.1]  by RomanJ
11:03:01 [Intro]  |Ξ|  Code by Roman Mandeleil, (c) 2014.
11:03:01 [Intro]  |Ξ|  Contribution: Nick Savers 
11:03:01 [Intro]  |Ξ|  Based on a design by Vitalik Buterin.
11:03:01 [Intro]  
11:03:01 [Intro]  java.version: 1.8.0_05
11:03:01 [Intro]  java.home:    /Library/Internet Plug-Ins/JavaAppletPlugin.plugin/Contents/Home
11:03:01 [Intro]  java.vendor:  Oracle Corporation
11:03:01 [Intro]  
11:03:03 [DatabaseImpl]  Opening database
11:03:03 [DatabaseImpl]  Destroying existing DB
11:03:03 [DatabaseImpl]  Initializing new or existing DB: 'blockchain'
11:03:05 [DatabaseImpl]  Opening database
11:03:05 [DatabaseImpl]  Destroying existing DB
11:03:05 [DatabaseImpl]  Initializing new or existing DB: 'details'
11:03:05 [DatabaseImpl]  Opening database
11:03:05 [DatabaseImpl]  Destroying existing DB
11:03:05 [DatabaseImpl]  Initializing new or existing DB: 'state'
11:03:05 [blockchain]  DB is empty - adding Genesis
11:03:05 [repository]  New account created: [ 51ba59315b3a95761d0863b05ccc7a7f54703d99 ]
11:03:05 [repository]  Changing balance: account: [ 51ba59315b3a95761d0863b05ccc7a7f54703d99 ] new balance: [ 1606938044258990275541962092341162602522202993782792835301376 ]
11:03:05 [repository]  New account created: [ e4157b34ea9615cfbde6b4fda419828124b70c78 ]
11:03:05 [repository]  Changing balance: account: [ e4157b34ea9615cfbde6b4fda419828124b70c78 ] new balance: [ 1606938044258990275541962092341162602522202993782792835301376 ]
11:03:05 [repository]  New account created: [ b9c015918bdaba24b4ff057a92a3873d6eb201be ]
11:03:05 [repository]  Changing balance: account: [ b9c015918bdaba24b4ff057a92a3873d6eb201be ] new balance: [ 1606938044258990275541962092341162602522202993782792835301376 ]
11:03:05 [repository]  New account created: [ 6c386a4b26f73c802f34673f7248bb118f97424a ]
11:03:05 [repository]  Changing balance: account: [ 6c386a4b26f73c802f34673f7248bb118f97424a ] new balance: [ 1606938044258990275541962092341162602522202993782792835301376 ]
11:03:05 [repository]  New account created: [ cd2a3d9f938e13cd947ec05abc7fe734df8dd826 ]
11:03:05 [repository]  Changing balance: account: [ cd2a3d9f938e13cd947ec05abc7fe734df8dd826 ] new balance: [ 1606938044258990275541962092341162602522202993782792835301376 ]
11:03:05 [repository]  New account created: [ 2ef47100e0787b915105fd5e3f4ff6752079d5cb ]
11:03:05 [repository]  Changing balance: account: [ 2ef47100e0787b915105fd5e3f4ff6752079d5cb ] new balance: [ 1606938044258990275541962092341162602522202993782792835301376 ]
11:03:05 [repository]  New account created: [ e6716f9544a56c530d868e4bfbacb172315bdead ]
11:03:05 [repository]  Changing balance: account: [ e6716f9544a56c530d868e4bfbacb172315bdead ] new balance: [ 1606938044258990275541962092341162602522202993782792835301376 ]
11:03:05 [repository]  New account created: [ 1a26338f0d905e295fccb71fa9ea849ffa12aaf4 ]
11:03:05 [repository]  Changing balance: account: [ 1a26338f0d905e295fccb71fa9ea849ffa12aaf4 ] new balance: [ 1606938044258990275541962092341162602522202993782792835301376 ]
11:03:05 [main]  Genesis-hash: a7722d611450de26f55026b6544e34d9431b0a67a829e1794ac36fa4f079208f
11:03:05 [main]  Genesis-stateRoot: 8dbd704eb38d1c2b73ee4788715ea5828a030650829703f077729b2b613dd206
11:03:05 [blockchain]  Block #0 -> BlockData [ hash=a7722d611450de26f55026b6544e34d9431b0a67a829e1794ac36fa4f079208f  parentHash=0000000000000000000000000000000000000000000000000000000000000000  unclesHash=1dcc4de8dec75d7aab85b567b6ccd41ad312451b948a7413f0a142fd40d49347  coinbase=0000000000000000000000000000000000000000  stateRoot=8dbd704eb38d1c2b73ee4788715ea5828a030650829703f077729b2b613dd206  txTrieHash=  difficulty=400000  number=0  minGasPrice=0  gasLimit=1000000  gasUsed=0  timestamp=0  extraData=  nonce=04994f67dc55b09e814ab7ffc8df3686b4afb2bb53e60eae97ef043fe03fb829]
11:03:05 [blockchain]  Displaying blocks stored in DB sorted on blocknumber
11:16:00 [Intro]  
11:16:00 [Intro]  |Ξ|  EthereumJ [v0.5.1]  by RomanJ
11:16:00 [Intro]  |Ξ|  Code by Roman Mandeleil, (c) 2014.
11:16:00 [Intro]  |Ξ|  Contribution: Nick Savers 
11:16:00 [Intro]  |Ξ|  Based on a design by Vitalik Buterin.
11:16:00 [Intro]  
11:16:00 [Intro]  java.version: 1.8.0_05
11:16:00 [Intro]  java.home:    /Library/Internet Plug-Ins/JavaAppletPlugin.plugin/Contents/Home
11:16:00 [Intro]  java.vendor:  Oracle Corporation
11:16:00 [Intro]  
11:16:01 [DatabaseImpl]  Opening database
11:16:01 [DatabaseImpl]  Destroying existing DB
11:16:01 [DatabaseImpl]  Initializing new or existing DB: 'blockchain'
11:16:02 [DatabaseImpl]  Opening database
11:16:02 [DatabaseImpl]  Destroying existing DB
11:16:02 [DatabaseImpl]  Initializing new or existing DB: 'details'
11:16:02 [DatabaseImpl]  Opening database
11:16:02 [DatabaseImpl]  Destroying existing DB
11:16:02 [DatabaseImpl]  Initializing new or existing DB: 'state'
11:16:02 [blockchain]  DB is empty - adding Genesis
11:16:03 [repository]  New account created: [ 51ba59315b3a95761d0863b05ccc7a7f54703d99 ]
11:16:03 [repository]  Changing balance: account: [ 51ba59315b3a95761d0863b05ccc7a7f54703d99 ] new balance: [ 1606938044258990275541962092341162602522202993782792835301376 ]
11:16:03 [repository]  New account created: [ e4157b34ea9615cfbde6b4fda419828124b70c78 ]
11:16:03 [repository]  Changing balance: account: [ e4157b34ea9615cfbde6b4fda419828124b70c78 ] new balance: [ 1606938044258990275541962092341162602522202993782792835301376 ]
11:16:03 [repository]  New account created: [ b9c015918bdaba24b4ff057a92a3873d6eb201be ]
11:16:03 [repository]  Changing balance: account: [ b9c015918bdaba24b4ff057a92a3873d6eb201be ] new balance: [ 1606938044258990275541962092341162602522202993782792835301376 ]
11:16:03 [repository]  New account created: [ 6c386a4b26f73c802f34673f7248bb118f97424a ]
11:16:03 [repository]  Changing balance: account: [ 6c386a4b26f73c802f34673f7248bb118f97424a ] new balance: [ 1606938044258990275541962092341162602522202993782792835301376 ]
11:16:03 [repository]  New account created: [ cd2a3d9f938e13cd947ec05abc7fe734df8dd826 ]
11:16:03 [repository]  Changing balance: account: [ cd2a3d9f938e13cd947ec05abc7fe734df8dd826 ] new balance: [ 1606938044258990275541962092341162602522202993782792835301376 ]
11:16:03 [repository]  New account created: [ 2ef47100e0787b915105fd5e3f4ff6752079d5cb ]
11:16:03 [repository]  Changing balance: account: [ 2ef47100e0787b915105fd5e3f4ff6752079d5cb ] new balance: [ 1606938044258990275541962092341162602522202993782792835301376 ]
11:16:03 [repository]  New account created: [ e6716f9544a56c530d868e4bfbacb172315bdead ]
11:16:03 [repository]  Changing balance: account: [ e6716f9544a56c530d868e4bfbacb172315bdead ] new balance: [ 1606938044258990275541962092341162602522202993782792835301376 ]
11:16:03 [repository]  New account created: [ 1a26338f0d905e295fccb71fa9ea849ffa12aaf4 ]
11:16:03 [repository]  Changing balance: account: [ 1a26338f0d905e295fccb71fa9ea849ffa12aaf4 ] new balance: [ 1606938044258990275541962092341162602522202993782792835301376 ]
11:16:03 [main]  Genesis-hash: a7722d611450de26f55026b6544e34d9431b0a67a829e1794ac36fa4f079208f
11:16:03 [main]  Genesis-stateRoot: 8dbd704eb38d1c2b73ee4788715ea5828a030650829703f077729b2b613dd206
11:16:03 [blockchain]  Block #0 -> BlockData [ hash=a7722d611450de26f55026b6544e34d9431b0a67a829e1794ac36fa4f079208f  parentHash=0000000000000000000000000000000000000000000000000000000000000000  unclesHash=1dcc4de8dec75d7aab85b567b6ccd41ad312451b948a7413f0a142fd40d49347  coinbase=0000000000000000000000000000000000000000  stateRoot=8dbd704eb38d1c2b73ee4788715ea5828a030650829703f077729b2b613dd206  txTrieHash=  difficulty=400000  number=0  minGasPrice=0  gasLimit=1000000  gasUsed=0  timestamp=0  extraData=  nonce=04994f67dc55b09e814ab7ffc8df3686b4afb2bb53e60eae97ef043fe03fb829]
11:16:03 [blockchain]  Displaying blocks stored in DB sorted on blocknumber
11:23:42 [Intro]  
11:23:42 [Intro]  |Ξ|  EthereumJ [v0.5.1]  by RomanJ
11:23:42 [Intro]  |Ξ|  Code by Roman Mandeleil, (c) 2014.
11:23:42 [Intro]  |Ξ|  Contribution: Nick Savers 
11:23:42 [Intro]  |Ξ|  Based on a design by Vitalik Buterin.
11:23:42 [Intro]  
11:23:42 [Intro]  java.version: 1.8.0_05
11:23:42 [Intro]  java.home:    /Library/Internet Plug-Ins/JavaAppletPlugin.plugin/Contents/Home
11:23:42 [Intro]  java.vendor:  Oracle Corporation
11:23:42 [Intro]  
11:23:42 [DatabaseImpl]  Opening database
11:23:42 [DatabaseImpl]  Destroying existing DB
11:23:42 [DatabaseImpl]  Initializing new or existing DB: 'blockchain'
11:23:44 [DatabaseImpl]  Opening database
11:23:44 [DatabaseImpl]  Destroying existing DB
11:23:44 [DatabaseImpl]  Initializing new or existing DB: 'details'
11:23:44 [DatabaseImpl]  Opening database
11:23:44 [DatabaseImpl]  Destroying existing DB
11:23:44 [DatabaseImpl]  Initializing new or existing DB: 'state'
11:23:44 [blockchain]  DB is empty - adding Genesis
11:23:44 [repository]  New account created: [ 51ba59315b3a95761d0863b05ccc7a7f54703d99 ]
11:23:44 [repository]  Changing balance: account: [ 51ba59315b3a95761d0863b05ccc7a7f54703d99 ] new balance: [ 1606938044258990275541962092341162602522202993782792835301376 ]
11:23:44 [repository]  New account created: [ e4157b34ea9615cfbde6b4fda419828124b70c78 ]
11:23:44 [repository]  Changing balance: account: [ e4157b34ea9615cfbde6b4fda419828124b70c78 ] new balance: [ 1606938044258990275541962092341162602522202993782792835301376 ]
11:23:44 [repository]  New account created: [ b9c015918bdaba24b4ff057a92a3873d6eb201be ]
11:23:44 [repository]  Changing balance: account: [ b9c015918bdaba24b4ff057a92a3873d6eb201be ] new balance: [ 1606938044258990275541962092341162602522202993782792835301376 ]
11:23:44 [repository]  New account created: [ 6c386a4b26f73c802f34673f7248bb118f97424a ]
11:23:44 [repository]  Changing balance: account: [ 6c386a4b26f73c802f34673f7248bb118f97424a ] new balance: [ 1606938044258990275541962092341162602522202993782792835301376 ]
11:23:44 [repository]  New account created: [ cd2a3d9f938e13cd947ec05abc7fe734df8dd826 ]
11:23:44 [repository]  Changing balance: account: [ cd2a3d9f938e13cd947ec05abc7fe734df8dd826 ] new balance: [ 1606938044258990275541962092341162602522202993782792835301376 ]
11:23:44 [repository]  New account created: [ 2ef47100e0787b915105fd5e3f4ff6752079d5cb ]
11:23:44 [repository]  Changing balance: account: [ 2ef47100e0787b915105fd5e3f4ff6752079d5cb ] new balance: [ 1606938044258990275541962092341162602522202993782792835301376 ]
11:23:44 [repository]  New account created: [ e6716f9544a56c530d868e4bfbacb172315bdead ]
11:23:44 [repository]  Changing balance: account: [ e6716f9544a56c530d868e4bfbacb172315bdead ] new balance: [ 1606938044258990275541962092341162602522202993782792835301376 ]
11:23:44 [repository]  New account created: [ 1a26338f0d905e295fccb71fa9ea849ffa12aaf4 ]
11:23:44 [repository]  Changing balance: account: [ 1a26338f0d905e295fccb71fa9ea849ffa12aaf4 ] new balance: [ 1606938044258990275541962092341162602522202993782792835301376 ]
11:23:44 [main]  Genesis-hash: a7722d611450de26f55026b6544e34d9431b0a67a829e1794ac36fa4f079208f
11:23:44 [main]  Genesis-stateRoot: 8dbd704eb38d1c2b73ee4788715ea5828a030650829703f077729b2b613dd206
11:23:44 [blockchain]  Block #0 -> BlockData [ hash=a7722d611450de26f55026b6544e34d9431b0a67a829e1794ac36fa4f079208f  parentHash=0000000000000000000000000000000000000000000000000000000000000000  unclesHash=1dcc4de8dec75d7aab85b567b6ccd41ad312451b948a7413f0a142fd40d49347  coinbase=0000000000000000000000000000000000000000  stateRoot=8dbd704eb38d1c2b73ee4788715ea5828a030650829703f077729b2b613dd206  txTrieHash=  difficulty=400000  number=0  minGasPrice=0  gasLimit=1000000  gasUsed=0  timestamp=0  extraData=  nonce=04994f67dc55b09e814ab7ffc8df3686b4afb2bb53e60eae97ef043fe03fb829]
11:23:44 [blockchain]  Displaying blocks stored in DB sorted on blocknumber
